<?xml version="1.0" encoding="UTF-8"?>
<testng-results ignored="0" total="1" passed="1" failed="0" skipped="0">
  <reporter-output>
  </reporter-output>
  <suite started-at="2023-06-24T04:19:51Z" name="Surefire suite" finished-at="2023-06-24T04:21:44Z" duration-ms="112997">
    <groups>
    </groups>
    <test started-at="2023-06-24T04:19:51Z" name="Surefire test" finished-at="2023-06-24T04:21:44Z" duration-ms="112997">
      <class name="com.in28minutes.rest.webservices.StaticLoginTest">
        <test-method is-config="true" signature="beforeTest()[pri:0, instance:com.in28minutes.rest.webservices.StaticLoginTest@11ce2e22]" started-at="2023-06-24T04:19:51Z" name="beforeTest" finished-at="2023-06-24T04:19:53Z" duration-ms="2678" status="PASS">
          <reporter-output>
          </reporter-output>
        </test-method> <!-- beforeTest -->
        <test-method is-config="true" signature="springTestContextBeforeTestClass()[pri:0, instance:com.in28minutes.rest.webservices.StaticLoginTest@11ce2e22]" started-at="2023-06-24T04:19:53Z" name="springTestContextBeforeTestClass" finished-at="2023-06-24T04:19:53Z" duration-ms="3" status="PASS">
          <reporter-output>
          </reporter-output>
        </test-method> <!-- springTestContextBeforeTestClass -->
        <test-method is-config="true" signature="springTestContextPrepareTestInstance()[pri:0, instance:com.in28minutes.rest.webservices.StaticLoginTest@11ce2e22]" started-at="2023-06-24T04:19:53Z" name="springTestContextPrepareTestInstance" finished-at="2023-06-24T04:20:02Z" depends-on-methods="org.springframework.test.context.testng.AbstractTestNGSpringContextTests.springTestContextBeforeTestClass" duration-ms="8877" status="PASS">
          <reporter-output>
          </reporter-output>
        </test-method> <!-- springTestContextPrepareTestInstance -->
        <test-method is-config="true" signature="springTestContextBeforeTestMethod(java.lang.reflect.Method)[pri:0, instance:com.in28minutes.rest.webservices.StaticLoginTest@11ce2e22]" started-at="2023-06-24T04:20:02Z" name="springTestContextBeforeTestMethod" finished-at="2023-06-24T04:20:02Z" duration-ms="193" status="PASS">
          <params>
            <param index="0">
              <value>
                <![CDATA[public void com.in28minutes.rest.webservices.StaticLoginTest.f()]]>
              </value>
            </param>
          </params>
          <reporter-output>
          </reporter-output>
        </test-method> <!-- springTestContextBeforeTestMethod -->
        <test-method signature="f()[pri:0, instance:com.in28minutes.rest.webservices.StaticLoginTest@11ce2e22]" started-at="2023-06-24T04:20:02Z" name="f" finished-at="2023-06-24T04:21:44Z" duration-ms="101148" status="PASS">
          <reporter-output>
          </reporter-output>
        </test-method> <!-- f -->
        <test-method is-config="true" signature="springTestContextAfterTestMethod(java.lang.reflect.Method)[pri:0, instance:com.in28minutes.rest.webservices.StaticLoginTest@11ce2e22]" started-at="2023-06-24T04:21:44Z" name="springTestContextAfterTestMethod" finished-at="2023-06-24T04:21:44Z" duration-ms="4" status="PASS">
          <params>
            <param index="0">
              <value>
                <![CDATA[public void com.in28minutes.rest.webservices.StaticLoginTest.f()]]>
              </value>
            </param>
          </params>
          <reporter-output>
          </reporter-output>
        </test-method> <!-- springTestContextAfterTestMethod -->
        <test-method is-config="true" signature="springTestContextAfterTestClass()[pri:0, instance:com.in28minutes.rest.webservices.StaticLoginTest@11ce2e22]" started-at="2023-06-24T04:21:44Z" name="springTestContextAfterTestClass" finished-at="2023-06-24T04:21:44Z" duration-ms="2" status="PASS">
          <reporter-output>
          </reporter-output>
        </test-method> <!-- springTestContextAfterTestClass -->
        <test-method is-config="true" signature="afterTest()[pri:0, instance:com.in28minutes.rest.webservices.StaticLoginTest@11ce2e22]" started-at="2023-06-24T04:21:44Z" name="afterTest" finished-at="2023-06-24T04:21:44Z" duration-ms="72" status="PASS">
          <reporter-output>
          </reporter-output>
        </test-method> <!-- afterTest -->
      </class> <!-- com.in28minutes.rest.webservices.StaticLoginTest -->
    </test> <!-- Surefire test -->
  </suite> <!-- Surefire suite -->
</testng-results>
