<?xml version="1.0" encoding="UTF-8"?>
<testng-results ignored="0" total="1" passed="1" failed="0" skipped="0">
  <reporter-output>
  </reporter-output>
  <suite started-at="2023-06-17T23:30:23Z" name="Surefire suite" finished-at="2023-06-17T23:32:17Z" duration-ms="114162">
    <groups>
    </groups>
    <test started-at="2023-06-17T23:30:23Z" name="Surefire test" finished-at="2023-06-17T23:32:17Z" duration-ms="114162">
      <class name="com.in28minutes.rest.webservices.StaticLoginTest">
        <test-method is-config="true" signature="beforeTest()[pri:0, instance:com.in28minutes.rest.webservices.StaticLoginTest@5b989dc7]" started-at="2023-06-17T23:30:23Z" name="beforeTest" finished-at="2023-06-17T23:30:26Z" duration-ms="2492" status="PASS">
          <reporter-output>
          </reporter-output>
        </test-method> <!-- beforeTest -->
        <test-method is-config="true" signature="springTestContextBeforeTestClass()[pri:0, instance:com.in28minutes.rest.webservices.StaticLoginTest@5b989dc7]" started-at="2023-06-17T23:30:26Z" name="springTestContextBeforeTestClass" finished-at="2023-06-17T23:30:26Z" duration-ms="3" status="PASS">
          <reporter-output>
          </reporter-output>
        </test-method> <!-- springTestContextBeforeTestClass -->
        <test-method is-config="true" signature="springTestContextPrepareTestInstance()[pri:0, instance:com.in28minutes.rest.webservices.StaticLoginTest@5b989dc7]" started-at="2023-06-17T23:30:26Z" name="springTestContextPrepareTestInstance" finished-at="2023-06-17T23:30:35Z" depends-on-methods="org.springframework.test.context.testng.AbstractTestNGSpringContextTests.springTestContextBeforeTestClass" duration-ms="9150" status="PASS">
          <reporter-output>
          </reporter-output>
        </test-method> <!-- springTestContextPrepareTestInstance -->
        <test-method is-config="true" signature="springTestContextBeforeTestMethod(java.lang.reflect.Method)[pri:0, instance:com.in28minutes.rest.webservices.StaticLoginTest@5b989dc7]" started-at="2023-06-17T23:30:35Z" name="springTestContextBeforeTestMethod" finished-at="2023-06-17T23:30:35Z" duration-ms="206" status="PASS">
          <params>
            <param index="0">
              <value>
                <![CDATA[public void com.in28minutes.rest.webservices.StaticLoginTest.f()]]>
              </value>
            </param>
          </params>
          <reporter-output>
          </reporter-output>
        </test-method> <!-- springTestContextBeforeTestMethod -->
        <test-method signature="f()[pri:0, instance:com.in28minutes.rest.webservices.StaticLoginTest@5b989dc7]" started-at="2023-06-17T23:30:35Z" name="f" finished-at="2023-06-17T23:32:17Z" duration-ms="102151" status="PASS">
          <reporter-output>
          </reporter-output>
        </test-method> <!-- f -->
        <test-method is-config="true" signature="springTestContextAfterTestMethod(java.lang.reflect.Method)[pri:0, instance:com.in28minutes.rest.webservices.StaticLoginTest@5b989dc7]" started-at="2023-06-17T23:32:17Z" name="springTestContextAfterTestMethod" finished-at="2023-06-17T23:32:17Z" duration-ms="5" status="PASS">
          <params>
            <param index="0">
              <value>
                <![CDATA[public void com.in28minutes.rest.webservices.StaticLoginTest.f()]]>
              </value>
            </param>
          </params>
          <reporter-output>
          </reporter-output>
        </test-method> <!-- springTestContextAfterTestMethod -->
        <test-method is-config="true" signature="springTestContextAfterTestClass()[pri:0, instance:com.in28minutes.rest.webservices.StaticLoginTest@5b989dc7]" started-at="2023-06-17T23:32:17Z" name="springTestContextAfterTestClass" finished-at="2023-06-17T23:32:17Z" duration-ms="1" status="PASS">
          <reporter-output>
          </reporter-output>
        </test-method> <!-- springTestContextAfterTestClass -->
        <test-method is-config="true" signature="afterTest()[pri:0, instance:com.in28minutes.rest.webservices.StaticLoginTest@5b989dc7]" started-at="2023-06-17T23:32:17Z" name="afterTest" finished-at="2023-06-17T23:32:17Z" duration-ms="135" status="PASS">
          <reporter-output>
          </reporter-output>
        </test-method> <!-- afterTest -->
      </class> <!-- com.in28minutes.rest.webservices.StaticLoginTest -->
    </test> <!-- Surefire test -->
  </suite> <!-- Surefire suite -->
</testng-results>
