<?xml version="1.0" encoding="UTF-8"?>
<testng-results ignored="0" total="1" passed="1" failed="0" skipped="0">
  <reporter-output>
  </reporter-output>
  <suite started-at="2023-06-16T16:44:57Z" name="Default suite" finished-at="2023-06-16T16:46:51Z" duration-ms="113977">
    <groups>
    </groups>
    <test started-at="2023-06-16T16:44:57Z" name="Default test" finished-at="2023-06-16T16:46:51Z" duration-ms="113977">
      <class name="com.in28minutes.rest.webservices.StaticLoginTest">
        <test-method is-config="true" signature="beforeTest()[pri:0, instance:com.in28minutes.rest.webservices.StaticLoginTest@4bbb49b0]" started-at="2023-06-16T16:44:57Z" name="beforeTest" finished-at="2023-06-16T16:45:00Z" duration-ms="2502" status="PASS">
          <reporter-output>
          </reporter-output>
        </test-method> <!-- beforeTest -->
        <test-method is-config="true" signature="springTestContextBeforeTestClass()[pri:0, instance:com.in28minutes.rest.webservices.StaticLoginTest@4bbb49b0]" started-at="2023-06-16T16:45:00Z" name="springTestContextBeforeTestClass" finished-at="2023-06-16T16:45:00Z" duration-ms="10" status="PASS">
          <reporter-output>
          </reporter-output>
        </test-method> <!-- springTestContextBeforeTestClass -->
        <test-method is-config="true" signature="springTestContextPrepareTestInstance()[pri:0, instance:com.in28minutes.rest.webservices.StaticLoginTest@4bbb49b0]" started-at="2023-06-16T16:45:00Z" name="springTestContextPrepareTestInstance" finished-at="2023-06-16T16:45:09Z" depends-on-methods="org.springframework.test.context.testng.AbstractTestNGSpringContextTests.springTestContextBeforeTestClass" duration-ms="9722" status="PASS">
          <reporter-output>
          </reporter-output>
        </test-method> <!-- springTestContextPrepareTestInstance -->
        <test-method is-config="true" signature="springTestContextBeforeTestMethod(java.lang.reflect.Method)[pri:0, instance:com.in28minutes.rest.webservices.StaticLoginTest@4bbb49b0]" started-at="2023-06-16T16:45:09Z" name="springTestContextBeforeTestMethod" finished-at="2023-06-16T16:45:10Z" duration-ms="223" status="PASS">
          <params>
            <param index="0">
              <value>
                <![CDATA[public void com.in28minutes.rest.webservices.StaticLoginTest.f()]]>
              </value>
            </param>
          </params>
          <reporter-output>
          </reporter-output>
        </test-method> <!-- springTestContextBeforeTestMethod -->
        <test-method signature="f()[pri:0, instance:com.in28minutes.rest.webservices.StaticLoginTest@4bbb49b0]" started-at="2023-06-16T16:45:10Z" name="f" finished-at="2023-06-16T16:46:51Z" duration-ms="101310" status="PASS">
          <reporter-output>
          </reporter-output>
        </test-method> <!-- f -->
        <test-method is-config="true" signature="springTestContextAfterTestMethod(java.lang.reflect.Method)[pri:0, instance:com.in28minutes.rest.webservices.StaticLoginTest@4bbb49b0]" started-at="2023-06-16T16:46:51Z" name="springTestContextAfterTestMethod" finished-at="2023-06-16T16:46:51Z" duration-ms="5" status="PASS">
          <params>
            <param index="0">
              <value>
                <![CDATA[public void com.in28minutes.rest.webservices.StaticLoginTest.f()]]>
              </value>
            </param>
          </params>
          <reporter-output>
          </reporter-output>
        </test-method> <!-- springTestContextAfterTestMethod -->
        <test-method is-config="true" signature="springTestContextAfterTestClass()[pri:0, instance:com.in28minutes.rest.webservices.StaticLoginTest@4bbb49b0]" started-at="2023-06-16T16:46:51Z" name="springTestContextAfterTestClass" finished-at="2023-06-16T16:46:51Z" duration-ms="1" status="PASS">
          <reporter-output>
          </reporter-output>
        </test-method> <!-- springTestContextAfterTestClass -->
        <test-method is-config="true" signature="afterTest()[pri:0, instance:com.in28minutes.rest.webservices.StaticLoginTest@4bbb49b0]" started-at="2023-06-16T16:46:51Z" name="afterTest" finished-at="2023-06-16T16:46:51Z" duration-ms="167" status="PASS">
          <reporter-output>
          </reporter-output>
        </test-method> <!-- afterTest -->
      </class> <!-- com.in28minutes.rest.webservices.StaticLoginTest -->
    </test> <!-- Default test -->
  </suite> <!-- Default suite -->
</testng-results>
